# JRE version: OpenJDK Runtime Environment Microsoft-9388408 (17.0.11+9) (build 17.0.11+9-LTS)
# Java VM: OpenJDK 64-Bit Server VM Microsoft-9388408 (17.0.11+9-LTS, mixed mode, sharing, tiered, compressed oops, compressed class ptrs, g1 gc, windows-amd64)
GC Precious Log:
 CPUs: 12 total, 12 available
 Memory: 7549M
 Large Page Support: Disabled
 NUMA Support: Disabled
 Compressed Oops: Enabled (32-bit)
 Heap Region Size: 1M
 Heap Min Capacity: 8M
 Heap Initial Capacity: 118M
 Heap Max Capacity: 2G
 Pre-touch: Disabled
 Parallel Workers: 10
 Concurrent Workers: 3
 Concurrent Refinement Workers: 10
 Periodic GC: Disabled
Heap:
 garbage-first heap   total 290816K, used 226632K [0x0000000080000000, 0x0000000100000000)
  region size 1024K, 33 young (33792K), 7 survivors (7168K)
 Metaspace       used 114663K, committed 116096K, reserved 557056K
  class space    used 15905K, committed 16576K, reserved 425984K
GC Heap History (20 events):
Event: 280.929 GC heap before
{Heap before GC invocations=46 (full 0):
 garbage-first heap   total 207872K, used 178789K [0x0000000080000000, 0x0000000100000000)
  region size 1024K, 12 young (12288K), 1 survivors (1024K)
 Metaspace       used 103491K, committed 104704K, reserved 557056K
  class space    used 14443K, committed 14976K, reserved 425984K
}
Event: 280.933 GC heap after
{Heap after GC invocations=47 (full 0):
 garbage-first heap   total 207872K, used 169308K [0x0000000080000000, 0x0000000100000000)
  region size 1024K, 2 young (2048K), 2 survivors (2048K)
 Metaspace       used 103491K, committed 104704K, reserved 557056K
  class space    used 14443K, committed 14976K, reserved 425984K
}
Event: 281.201 GC heap before
{Heap before GC invocations=47 (full 0):
 garbage-first heap   total 207872K, used 178524K [0x0000000080000000, 0x0000000100000000)
  region size 1024K, 12 young (12288K), 2 survivors (2048K)
 Metaspace       used 104067K, committed 105216K, reserved 557056K
  class space    used 14515K, committed 15040K, reserved 425984K
}
Event: 281.204 GC heap after
{Heap after GC invocations=48 (full 0):
 garbage-first heap   total 207872K, used 170316K [0x0000000080000000, 0x0000000100000000)
  region size 1024K, 1 young (1024K), 1 survivors (1024K)
 Metaspace       used 104067K, committed 105216K, reserved 557056K
  class space    used 14515K, committed 15040K, reserved 425984K
}
Event: 281.305 GC heap before
{Heap before GC invocations=48 (full 0):
 garbage-first heap   total 207872K, used 171340K [0x0000000080000000, 0x0000000100000000)
  region size 1024K, 3 young (3072K), 1 survivors (1024K)
 Metaspace       used 104163K, committed 105280K, reserved 557056K
  class space    used 14530K, committed 15040K, reserved 425984K
}
Event: 281.313 GC heap after
{Heap after GC invocations=49 (full 0):
 garbage-first heap   total 207872K, used 170372K [0x0000000080000000, 0x0000000100000000)
  region size 1024K, 2 young (2048K), 2 survivors (2048K)
 Metaspace       used 104163K, committed 105280K, reserved 557056K
  class space    used 14530K, committed 15040K, reserved 425984K
}
Event: 282.027 GC heap before
{Heap before GC invocations=50 (full 0):
 garbage-first heap   total 290816K, used 181636K [0x0000000080000000, 0x0000000100000000)
  region size 1024K, 14 young (14336K), 2 survivors (2048K)
 Metaspace       used 105150K, committed 106240K, reserved 557056K
  class space    used 14681K, committed 15168K, reserved 425984K
}
Event: 282.031 GC heap after
{Heap after GC invocations=51 (full 0):
 garbage-first heap   total 290816K, used 170744K [0x0000000080000000, 0x0000000100000000)
  region size 1024K, 2 young (2048K), 2 survivors (2048K)
 Metaspace       used 105150K, committed 106240K, reserved 557056K
  class space    used 14681K, committed 15168K, reserved 425984K
}
Event: 282.384 GC heap before
{Heap before GC invocations=51 (full 0):
 garbage-first heap   total 290816K, used 183032K [0x0000000080000000, 0x0000000100000000)
  region size 1024K, 14 young (14336K), 2 survivors (2048K)
 Metaspace       used 106144K, committed 107264K, reserved 557056K
  class space    used 14867K, committed 15360K, reserved 425984K
}
Event: 282.389 GC heap after
{Heap after GC invocations=52 (full 0):
 garbage-first heap   total 290816K, used 164511K [0x0000000080000000, 0x0000000100000000)
  region size 1024K, 2 young (2048K), 2 survivors (2048K)
 Metaspace       used 106144K, committed 107264K, reserved 557056K
  class space    used 14867K, committed 15360K, reserved 425984K
}
Event: 285.320 GC heap before
{Heap before GC invocations=52 (full 0):
 garbage-first heap   total 290816K, used 233119K [0x0000000080000000, 0x0000000100000000)
  region size 1024K, 69 young (70656K), 2 survivors (2048K)
 Metaspace       used 109174K, committed 110400K, reserved 557056K
  class space    used 15236K, committed 15808K, reserved 425984K
}
Event: 285.328 GC heap after
{Heap after GC invocations=53 (full 0):
 garbage-first heap   total 290816K, used 172586K [0x0000000080000000, 0x0000000100000000)
  region size 1024K, 9 young (9216K), 9 survivors (9216K)
 Metaspace       used 109174K, committed 110400K, reserved 557056K
  class space    used 15236K, committed 15808K, reserved 425984K
}
Event: 286.308 GC heap before
{Heap before GC invocations=53 (full 0):
 garbage-first heap   total 290816K, used 236074K [0x0000000080000000, 0x0000000100000000)
  region size 1024K, 71 young (72704K), 9 survivors (9216K)
 Metaspace       used 110800K, committed 112064K, reserved 557056K
  class space    used 15419K, committed 16000K, reserved 425984K
}
Event: 286.323 GC heap after
{Heap after GC invocations=54 (full 0):
 garbage-first heap   total 290816K, used 179106K [0x0000000080000000, 0x0000000100000000)
  region size 1024K, 7 young (7168K), 7 survivors (7168K)
 Metaspace       used 110800K, committed 112064K, reserved 557056K
  class space    used 15419K, committed 16000K, reserved 425984K
}
Event: 287.122 GC heap before
{Heap before GC invocations=54 (full 0):
 garbage-first heap   total 290816K, used 238498K [0x0000000080000000, 0x0000000100000000)
  region size 1024K, 65 young (66560K), 7 survivors (7168K)
 Metaspace       used 111298K, committed 112576K, reserved 557056K
  class space    used 15463K, committed 16064K, reserved 425984K
}
Event: 287.129 GC heap after
{Heap after GC invocations=55 (full 0):
 garbage-first heap   total 290816K, used 184698K [0x0000000080000000, 0x0000000100000000)
  region size 1024K, 6 young (6144K), 6 survivors (6144K)
 Metaspace       used 111298K, committed 112576K, reserved 557056K
  class space    used 15463K, committed 16064K, reserved 425984K
}
Event: 287.662 GC heap before
{Heap before GC invocations=55 (full 0):
 garbage-first heap   total 290816K, used 241018K [0x0000000080000000, 0x0000000100000000)
  region size 1024K, 61 young (62464K), 6 survivors (6144K)
 Metaspace       used 111650K, committed 112960K, reserved 557056K
  class space    used 15506K, committed 16128K, reserved 425984K
}
Event: 287.672 GC heap after
{Heap after GC invocations=56 (full 0):
 garbage-first heap   total 290816K, used 191337K [0x0000000080000000, 0x0000000100000000)
  region size 1024K, 7 young (7168K), 7 survivors (7168K)
 Metaspace       used 111650K, committed 112960K, reserved 557056K
  class space    used 15506K, committed 16128K, reserved 425984K
}
Event: 288.238 GC heap before
{Heap before GC invocations=56 (full 0):
 garbage-first heap   total 290816K, used 242537K [0x0000000080000000, 0x0000000100000000)
  region size 1024K, 57 young (58368K), 7 survivors (7168K)
 Metaspace       used 114167K, committed 115648K, reserved 557056K
  class space    used 15836K, committed 16512K, reserved 425984K
}
Event: 288.245 GC heap after
{Heap after GC invocations=57 (full 0):
 garbage-first heap   total 290816K, used 194848K [0x0000000080000000, 0x0000000100000000)
  region size 1024K, 4 young (4096K), 4 survivors (4096K)
 Metaspace       used 114167K, committed 115648K, reserved 557056K
  class space    used 15836K, committed 16512K, reserved 425984K
}

